[2018-03-12 10:02:57,753] - logger.py] - INFO: 获取优惠券列表用例------start--------
[2018-03-12 10:02:57,755] - logger.py] - INFO: 请求的URL地址是：https://console-devtest-zzhw.thy360.com/py/v4/admin/config/coupon/?limit=20&page=1
[2018-03-12 10:02:58,446] - logger.py] - INFO: 接口的状态是：200
[2018-03-12 10:04:33,273] - logger.py] - INFO: 获取优惠券列表用例------start--------
[2018-03-12 10:04:33,275] - logger.py] - INFO: 请求的URL地址是：https://console-devtest-zzhw.thy360.com/py/v4/admin/config/coupon/?limit=20&page=1
[2018-03-12 10:04:33,875] - logger.py] - INFO: 接口的状态是：200
[2018-03-12 10:08:24,309] - logger.py] - INFO: 获取优惠券列表用例------start--------
[2018-03-12 10:08:24,309] - logger.py] - INFO: 请求的URL地址是：https://console-devtest-zzhw.thy360.com/py/v4/admin/config/coupon/?limit=20&page=1
[2018-03-12 10:08:24,946] - logger.py] - INFO: 接口的状态是：200
[2018-03-12 10:08:25,025] - logger.py] - INFO: 赠送优惠券------start--------
[2018-03-12 10:08:25,026] - logger.py] - INFO: 请求的URL地址是：https://console-devtest-zzhw.thy360.com/py/v4/admin/config/coupon/give/
[2018-03-12 10:08:26,124] - logger.py] - INFO: 接口的状态是：200
[2018-03-12 10:12:58,367] - logger.py] - INFO: 获取优惠券列表用例------start--------
[2018-03-12 10:12:58,368] - logger.py] - INFO: 请求的URL地址是：https://console-devtest-zzhw.thy360.com/py/v4/admin/config/coupon/?limit=20&page=1
[2018-03-12 10:12:59,016] - logger.py] - INFO: 接口的状态是：200
[2018-03-12 10:12:59,099] - logger.py] - INFO: 赠送优惠券------start--------
[2018-03-12 10:12:59,101] - logger.py] - INFO: 请求的URL地址是：https://console-devtest-zzhw.thy360.com/py/v4/admin/config/coupon/give/
[2018-03-12 10:13:23,625] - logger.py] - INFO: 获取优惠券列表用例------start--------
[2018-03-12 10:13:23,625] - logger.py] - INFO: 请求的URL地址是：https://console-devtest-zzhw.thy360.com/py/v4/admin/config/coupon/?limit=20&page=1
[2018-03-12 10:13:24,265] - logger.py] - INFO: 接口的状态是：200
[2018-03-12 10:13:55,157] - logger.py] - INFO: 获取优惠券列表用例------start--------
[2018-03-12 10:13:55,157] - logger.py] - INFO: 请求的URL地址是：https://console-devtest-zzhw.thy360.com/py/v4/admin/config/coupon/?limit=20&page=1
[2018-03-12 10:13:55,752] - logger.py] - INFO: 接口的状态是：200
[2018-03-12 10:13:55,832] - logger.py] - INFO: 赠送优惠券------start--------
[2018-03-12 10:15:13,582] - logger.py] - INFO: 获取优惠券列表用例------start--------
[2018-03-12 10:15:13,582] - logger.py] - INFO: 请求的URL地址是：https://console-devtest-zzhw.thy360.com/py/v4/admin/config/coupon/?limit=20&page=1
[2018-03-12 10:15:14,210] - logger.py] - INFO: 接口的状态是：200
[2018-03-12 10:15:14,302] - logger.py] - INFO: 接口返回的值是：{"statusCode":0,"msg":"success","data":{"count":72,"currPage":1,"totalPage":4,"hasNext":true,"next":"https://console-devtest-zzhw.thy360.com/py/v4/admin/config/coupon/?limit=20&page=2","previous":null,"results":[{"id":118,"type_display":"满减","thresholdUnit_display":"金额","scope_display":"平台所有商品","status_display":"未生效","fetch_type_display":"内部赠送","user_range_display":"所有用户","coupons_number":1,"account_coupons":0,"cluster_name":"所有用户","title":"自动化测试6","denomination":200,"type":1,"threshold":100,"thresholdUnit":1,"scope":0,"start":"2018-03-13 15:55:00","end":"2018-03-29 13:25:00","curr_count":199,"count":200,"status":0,"fetch_type":0,"user_range":1,"ctime":"2018-03-10 16:32:33","stime":"2018-03-10 16:32:33","cluster":[]},{"id":116,"type_display":"满减","thresholdUnit_display":"金额","scope_display":"平台所有商品","status_display":"未生效","fetch_type_display":"内部赠送","user_range_display":"所有用户","coupons_number":0,"account_coupons":0,"cluster_name":"所有用户","title":"自动化测试6","denomination":200,"type":1,"threshold":100,"thresholdUnit":1,"scope":0,"start":"2018-03-13 15:55:00","end":"2018-03-29 13:25:00","curr_count":200,"count":200,"status":0,"fetch_type":0,"user_range":1,"ctime":"2018-03-10 16:31:19","stime":"2018-03-10 16:31:19","cluster":[]},{"id":117,"type_display":"满减","thresholdUnit_display":"金额","scope_display":"平台所有商品","status_display":"未生效","fetch_type_display":"内部赠送","user_range_display":"所有用户","coupons_number":1,"account_coupons":0,"cluster_name":"所有用户","title":"自动化测试6","denomination":200,"type":1,"threshold":100,"thresholdUnit":1,"scope":0,"start":"2018-03-13 15:55:00","end":"2018-03-29 13:25:00","curr_count":199,"count":200,"status":0,"fetch_type":0,"user_range":1,"ctime":"2018-03-10 16:31:19","stime":"2018-03-10 16:31:19","cluster":[]},{"id":115,"type_display":"满减","thresholdUnit_display":"金额","scope_display":"平台所有商品","status_display":"未生效","fetch_type_display":"内部赠送","user_range_display":"所有用户","coupons_number":0,"account_coupons":0,"cluster_name":"所有用户","title":"自动化测试5","denomination":200,"type":1,"threshold":100,"thresholdUnit":1,"scope":0,"start":"2018-03-13 15:55:00","end":"2018-03-29 13:25:00","curr_count":200,"count":200,"status":0,"fetch_type":0,"user_range":1,"ctime":"2018-03-10 16:27:08","stime":"2018-03-10 16:27:08","cluster":[]},{"id":114,"type_display":"满减","thresholdUnit_display":"金额","scope_display":"平台所有商品","status_display":"生效中","fetch_type_display":"内部赠送","user_range_display":"所有用户","coupons_number":6,"account_coupons":0,"cluster_name":"所有用户","title":"自动化测试4","denomination":200,"type":1,"threshold":100,"thresholdUnit":1,"scope":0,"start":"2018-03-11 15:55:00","end":"2018-03-29 13:25:00","curr_count":194,"count":200,"status":0,"fetch_type":0,"user_range":1,"ctime":"2018-03-10 16:20:06","stime":"2018-03-10 16:20:06","cluster":[]},{"id":113,"type_display":"满减","thresholdUnit_display":"金额","scope_display":"平台所有商品","status_display":"未生效","fetch_type_display":"内部赠送","user_range_display":"所有用户","coupons_number":1,"account_coupons":0,"cluster_name":"所有用户","title":"自动化测试3","denomination":200,"type":1,"threshold":100,"thresholdUnit":1,"scope":0,"start":"2018-03-17 15:50:00","end":"2018-03-24 15:55:00","curr_count":99,"count":100,"status":0,"fetch_type":0,"user_range":1,"ctime":"2018-03-10 15:54:12","stime":"2018-03-10 15:54:12","cluster":[]},{"id":112,"type_display":"满减","thresholdUnit_display":"金额","scope_display":"平台所有商品","status_display":"生效中","fetch_type_display":"内部赠送","user_range_display":"所有用户","coupons_number":0,"account_coupons":0,"cluster_name":"所有用户","title":"自动化测试2","denomination":200,"type":1,"threshold":100,"thresholdUnit":1,"scope":0,"start":"2018-03-10 15:55:00","end":"2018-03-29 13:25:00","curr_count":200,"count":200,"status":1,"fetch_type":0,"user_range":1,"ctime":"2018-03-10 15:51:13","stime":"2018-03-10 15:51:13","cluster":[]},{"id":111,"type_display":"满减","thresholdUnit_display":"金额","scope_display":"平台所有商品","status_display":"生效中","fetch_type_display":"内部赠送","user_range_display":"所有用户","coupons_number":0,"account_coupons":0,"cluster_name":"所有用户","title":"自动化测试","denomination":100,"type":1,"threshold":50,"thresholdUnit":1,"scope":0,"start":"2018-03-10 15:55:00","end":"2018-03-29 13:25:00","curr_count":100,"count":100,"status":1,"fetch_type":0,"user_range":1,"ctime":"2018-03-10 15:32:18","stime":"2018-03-10 15:32:18","cluster":[]},{"id":110,"type_display":"满减","thresholdUnit_display":"金额","scope_display":"平台所有商品","status_display":"生效中","fetch_type_display":"内部赠送","user_range_display":"所有用户","coupons_number":4,"account_coupons":0,"cluster_name":"所有用户","title":"好多分","denomination":100,"type":1,"threshold":100,"thresholdUnit":1,"scope":0,"start":"2018-03-10 15:00:00","end":"2018-04-07 06:30:00","curr_count":996,"count":1000,"status":1,"fetch_type":0,"user_range":1,"ctime":"2018-03-10 14:58:01","stime":"2018-03-10 14:58:01","cluster":[]},{"id":99,"type_display":"满减","thresholdUnit_display":"金额","scope_display":"平台所有商品","status_display":"已失效","fetch_type_display":"内部赠送","user_range_display":"所有用户","coupons_number":102,"account_coupons":102,"cluster_name":"所有用户","title":"凑单生效中--最大","denomination":100,"type":1,"threshold":300,"thresholdUnit":1,"scope":0,"start":"2017-12-05 10:20:00","end":"2018-01-31 16:00:00","curr_count":0,"count":100,"status":1,"fetch_type":0,"user_range":1,"ctime":"2017-12-05 10:18:39","stime":"2018-01-31 16:00:00","cluster":[]},{"id":109,"type_display":"满减","thresholdUnit_display":"金额","scope_display":"平台所有商品","status_display":"已失效","fetch_type_display":"内部赠送","user_range_display":"新用户专享","coupons_number":24,"account_coupons":100,"cluster_name":"新用户专享","title":"新用户专享","denomination":20,"type":1,"threshold":200,"thresholdUnit":1,"scope":0,"start":"2018-01-19 10:40:00","end":"2018-01-31 00:00:00","curr_count":76,"count":100,"status":1,"fetch_type":0,"user_range":0,"ctime":"2018-01-19 10:38:35","stime":"2018-01-19 10:38:35","cluster":[]},{"id":108,"type_display":"满减","thresholdUnit_display":"金额","scope_display":"平台所有商品","status_display":"已失效","fetch_type_display":"内部赠送","user_range_display":"所有用户","coupons_number":41,"account_coupons":100,"cluster_name":"所有用户","title":"年会来了","denomination":200,"type":1,"threshold":50,"thresholdUnit":1,"scope":0,"start":"2018-01-19 10:20:00","end":"2018-01-19 23:05:00","curr_count":59,"count":100,"status":1,"fetch_type":0,"user_range":1,"ctime":"2018-01-19 10:18:16","stime":"2018-01-19 10:18:16","cluster":[]},{"id":107,"type_display":"满减","thresholdUnit_display":"金额","scope_display":"平台所有商品","status_display":"已失效","fetch_type_display":"自动发放","user_range_display":"新用户专享","coupons_number":2,"account_coupons":100,"cluster_name":"新用户专享","title":"新用户送优惠券","denomination":20,"type":1,"threshold":100,"thresholdUnit":1,"scope":0,"start":"2018-01-18 14:30:00","end":"2018-01-18 19:00:00","curr_count":98,"count":100,"status":1,"fetch_type":2,"user_range":0,"ctime":"2018-01-18 14:26:33","stime":"2018-01-18 14:26:33","cluster":[]},{"id":106,"type_display":"满减","thresholdUnit_display":"金额","scope_display":"平台所有商品","status_display":"已失效","fetch_type_display":"自动发放","user_range_display":"所有用户","coupons_number":2,"account_coupons":100,"cluster_name":"所有用户","title":"过年大酬宾","denomination":100,"type":1,"threshold":100,"thresholdUnit":1,"scope":0,"start":"2018-01-18 10:45:00","end":"2018-01-18 23:50:00","curr_count":98,"count":100,"status":1,"fetch_type":2,"user_range":1,"ctime":"2018-01-18 10:38:55","stime":"2018-01-18 10:38:55","cluster":[]},{"id":105,"type_display":"满减","thresholdUnit_display":"金额","scope_display":"平台所有商品","status_display":"已失效","fetch_type_display":"内部赠送","user_range_display":"所有用户","coupons_number":2,"account_coupons":100,"cluster_name":"所有用户","title":"test","denomination":5,"type":1,"threshold":100,"thresholdUnit":1,"scope":0,"start":"2018-01-17 16:10:00","end":"2018-01-19 16:00:00","curr_count":98,"count":100,"status":1,"fetch_type":0,"user_range":1,"ctime":"2018-01-17 16:05:25","stime":"2018-01-17 16:05:25","cluster":[]},{"id":104,"type_display":"满减","thresholdUnit_display":"金额","scope_display":"平台所有商品","status_display":"已失效","fetch_type_display":"内部赠送","user_range_display":"所有用户","coupons_number":10,"account_coupons":10,"cluster_name":"所有用户","title":"测试load","denomination":10,"type":1,"threshold":100,"thresholdUnit":1,"scope":0,"start":"2018-01-10 14:50:00","end":"2018-01-31 14:45:00","curr_count":0,"count":10,"status":1,"fetch_type":0,"user_range":1,"ctime":"2018-01-10 14:46:16","stime":"2018-01-10 14:46:16","cluster":[]},{"id":103,"type_display":"满减","thresholdUnit_display":"金额","scope_display":"平台所有商品","status_display":"已失效","fetch_type_display":"内部赠送","user_range_display":"新用户专享","coupons_number":11,"account_coupons":100,"cluster_name":"新用户专享","title":"诶建瓯聚","denomination":30,"type":1,"threshold":300,"thresholdUnit":1,"scope":0,"start":"2017-12-26 10:30:00","end":"2017-12-26 23:25:00","curr_count":89,"count":100,"status":1,"fetch_type":0,"user_range":0,"ctime":"2017-12-26 10:30:16","stime":"2017-12-26 10:30:16","cluster":[]},{"id":102,"type_display":"满减","thresholdUnit_display":"金额","scope_display":"平台所有商品","status_display":"已失效","fetch_type_display":"内部赠送","user_range_display":"所有用户","coupons_number":1,"account_coupons":100,"cluster_name":"所有用户","title":"法人机构","denomination":20,"type":1,"threshold":200,"thresholdUnit":1,"scope":0,"start":"2017-12-26 10:30:00","end":"2017-12-27 00:00:00","curr_count":99,"count":100,"status":1,"fetch_type":0,"user_range":1,"ctime":"2017-12-26 10:27:00","stime":"2017-12-26 10:27:00","cluster":[]},{"id":101,"type_display":"满减","thresholdUnit_display":"金额","scope_display":"平台所有商品","status_display":"已失效","fetch_type_display":"内部赠送","user_range_display":"新用户专享","coupons_number":10,"account_coupons":100,"cluster_name":"新用户专享","title":"新用户","denomination":10,"type":1,"threshold":100,"thresholdUnit":1,"scope":0,"start":"2017-12-26 10:25:00","end":"2017-12-26 23:00:00","curr_count":90,"count":100,"status":1,"fetch_type":0,"user_range":0,"ctime":"2017-12-26 10:24:55","stime":"2017-12-26 10:24:55","cluster":[]},{"id":100,"type_display":"满减","thresholdUnit_display":"金额","scope_display":"平台所有商品","status_display":"已失效","fetch_type_display":"内部赠送","user_range_display":"所有用户","coupons_number":1,"account_coupons":100,"cluster_name":"所有用户","title":"测试尾货","denomination":10,"type":1,"threshold":100,"thresholdUnit":1,"scope":0,"start":"2017-12-22 14:10:00","end":"2017-12-31 14:00:00","curr_count":99,"count":100,"status":1,"fetch_type":0,"user_range":1,"ctime":"2017-12-22 14:05:25","stime":"2017-12-22 14:05:25","cluster":[]}]}}
[2018-03-12 10:15:14,303] - logger.py] - INFO: 赠送优惠券------start--------
[2018-03-12 10:20:10,381] - logger.py] - INFO: 获取优惠券列表用例------start--------
[2018-03-12 10:20:10,381] - logger.py] - INFO: 请求的URL地址是：https://console-devtest-zzhw.thy360.com/py/v4/admin/config/coupon/?limit=20&page=1
[2018-03-12 10:20:10,994] - logger.py] - INFO: 接口的状态是：200
[2018-03-12 10:20:11,072] - logger.py] - INFO: 赠送优惠券------start--------
[2018-03-12 10:30:02,180] - logger.py] - INFO: 获取优惠券列表用例------start--------
[2018-03-12 10:30:02,180] - logger.py] - INFO: 请求的URL地址是：https://console-devtest-zzhw.thy360.com/py/v4/admin/config/coupon/?limit=20&page=1
[2018-03-12 10:30:03,398] - logger.py] - INFO: 接口的状态是：200
[2018-03-12 10:30:03,480] - logger.py] - INFO: 赠送优惠券------start--------
[2018-03-12 10:30:03,480] - logger.py] - INFO: 请求的URL地址是：https://console-devtest-zzhw.thy360.com/py/v4/admin/config/coupon/give/
[2018-03-12 10:30:04,622] - logger.py] - INFO: 接口的状态是：200
[2018-03-12 14:15:29,236] - logger.py] - INFO: 获取优惠券列表用例------start--------
[2018-03-12 14:15:29,237] - logger.py] - INFO: 请求的URL地址是：https://console-devtest-zzhw.thy360.com/py/v4/admin/config/coupon/?limit=20&page=1
[2018-03-12 14:15:30,489] - logger.py] - INFO: 接口的状态是：200
[2018-03-12 14:15:30,571] - logger.py] - INFO: 赠送优惠券------start--------
[2018-03-12 14:15:30,572] - logger.py] - INFO: 请求的URL地址是：https://console-devtest-zzhw.thy360.com/py/v4/admin/config/coupon/give/
[2018-03-12 14:15:31,690] - logger.py] - INFO: 接口的状态是：200
[2018-03-12 14:16:27,900] - logger.py] - INFO: 获取优惠券列表用例------start--------
[2018-03-12 14:16:27,901] - logger.py] - INFO: 请求的URL地址是：https://console-devtest-zzhw.thy360.com/py/v4/admin/config/coupon/?limit=20&page=1
[2018-03-12 14:16:28,581] - logger.py] - INFO: 接口的状态是：200
[2018-03-12 14:16:28,664] - logger.py] - INFO: 赠送优惠券------start--------
[2018-03-12 14:16:28,664] - logger.py] - INFO: 请求的URL地址是：https://console-devtest-zzhw.thy360.com/py/v4/admin/config/coupon/give/
[2018-03-12 14:16:29,674] - logger.py] - INFO: 接口的状态是：200
[2018-03-12 15:46:42,463] - logger.py] - INFO: 获取优惠券列表用例------start--------
[2018-03-12 15:46:42,464] - logger.py] - INFO: 请求的URL地址是：https://console-devtest-zzhw.thy360.com/py/v4/admin/config/coupon/?limit=20&page=1
[2018-03-12 15:46:45,190] - logger.py] - INFO: 接口的状态是：200
[2018-03-12 15:46:45,273] - logger.py] - INFO: 赠送优惠券------start--------
[2018-03-12 15:46:45,273] - logger.py] - INFO: 请求的URL地址是：https://console-devtest-zzhw.thy360.com/py/v4/admin/config/coupon/give/
[2018-03-12 15:46:46,424] - logger.py] - INFO: 接口的状态是：200
